\BOOKMARK [0][-]{chapter.1}{\376\377\000I\000n\000t\000r\000o\000d\000u\000c\000i\000\363\000n}{}% 1
\BOOKMARK [1][-]{section.1.1}{Contexto}{chapter.1}% 2
\BOOKMARK [1][-]{section.1.2}{Objetivos}{chapter.1}% 3
\BOOKMARK [0][-]{chapter.2}{\376\377\000M\000e\000t\000o\000l\000o\000g\000\355\000a}{}% 4
\BOOKMARK [1][-]{section.2.1}{\376\377\000M\000e\000t\000o\000d\000o\000l\000o\000g\000\355\000a\000\040\000e\000l\000i\000g\000i\000d\000a}{chapter.2}% 5
\BOOKMARK [0][-]{chapter.3}{Desarrollo}{}% 6
\BOOKMARK [1][-]{section.3.1}{\376\377\0001\000\272\000\040\000I\000t\000e\000r\000a\000c\000i\000\363\000n\000:\000\040\000D\000i\000s\000e\000\361\000o\000\040\000d\000e\000\040\000l\000a\000\040\000i\000n\000t\000e\000r\000f\000a\000z\000.}{chapter.3}% 7
\BOOKMARK [2][-]{subsection.3.1.1}{\376\377\0001\000\272\000\040\000O\000p\000c\000i\000\363\000n}{section.3.1}% 8
\BOOKMARK [2][-]{subsection.3.1.2}{\376\377\0002\000\272\000\040\000O\000p\000c\000i\000\363\000n}{section.3.1}% 9
\BOOKMARK [2][-]{subsection.3.1.3}{\376\377\0003\000\272\000\040\000O\000p\000c\000i\000\363\000n}{section.3.1}% 10
\BOOKMARK [2][-]{subsection.3.1.4}{\376\377\000C\000o\000n\000c\000l\000u\000s\000i\000\363\000n}{section.3.1}% 11
\BOOKMARK [1][-]{section.3.2}{\376\377\0002\000\272\000\040\000I\000t\000e\000r\000a\000c\000i\000\363\000n\000:\000\040\000N\000u\000e\000v\000a\000\040\000p\000r\000o\000p\000u\000e\000s\000t\000a\000\040\000d\000e\000\040\000d\000i\000s\000e\000\361\000o\000\040\000d\000e\000\040\000l\000a\000\040\000i\000n\000t\000e\000r\000f\000a\000z\000.}{chapter.3}% 12
\BOOKMARK [1][-]{section.3.3}{\376\377\0003\000\272\000\040\000I\000t\000e\000r\000a\000c\000i\000\363\000n\000:\000\040\000C\000o\000n\000s\000o\000l\000i\000d\000a\000c\000i\000\363\000n\000\040\000d\000e\000\040\000l\000a\000\040\000n\000u\000e\000v\000a\000\040\000p\000r\000o\000p\000u\000e\000s\000t\000a\000.}{chapter.3}% 13
\BOOKMARK [0][-]{chapter.4}{\376\377\000F\000u\000n\000d\000a\000m\000e\000n\000t\000o\000s\000\040\000t\000e\000c\000n\000o\000l\000o\000g\000\355\000c\000o\000s}{}% 14
\BOOKMARK [1][-]{section.4.1}{Vue}{chapter.4}% 15
\BOOKMARK [1][-]{section.4.2}{TailwindCSS}{chapter.4}% 16
\BOOKMARK [1][-]{section.4.3}{Shadcn-Vue}{chapter.4}% 17
\BOOKMARK [1][-]{section.4.4}{Visual\040Studio\040Code}{chapter.4}% 18
\BOOKMARK [0][-]{chapter.5}{\376\377\000C\000o\000n\000c\000l\000u\000s\000i\000\363\000n\000s}{}% 19
\BOOKMARK [0][-]{appendix.A}{Material\040adicional}{}% 20
\BOOKMARK [0][-]{appendix*.19}{\376\377\000B\000i\000b\000l\000i\000o\000g\000r\000a\000f\000\355\000a}{}% 21
